PLINK v1.9.0-b.7.6 64-bit (13 Oct 2024)
Options in effect:
  --bfile C:/Users/gard_/Documents/MasterThesis/Code/Data/combined_200k_70k_helgeland_south_corrected_snpfiltered_2024-02-05
  --chr-set 32
  --geno 0.1
  --keep keep.txt
  --maf 0.01
  --memory 8000
  --mind 0.05
  --out qc
  --recode A
  --threads 6

Hostname: GARDSHP
Working directory: C:\Users\gard_\Documents\MasterThesis\Code\GetGemma
Start time: Fri Feb 21 18:49:03 2025

Random number seed: 1740160143
32120 MB RAM detected; reserving 8000 MB for main workspace.
65344 variants loaded from .bim file.
14015 samples (0 males, 0 females, 14015 ambiguous) loaded from .fam.
Ambiguous sex IDs written to qc.nosex .
--keep: 12095 samples remaining.
36 samples removed due to missing genotype data (--mind).
IDs written to qc.irem .
Using 1 thread (no multithreaded calculations invoked).
Before main variant filters, 12059 founders and 0 nonfounders present.
Calculating allele frequencies... done.
Total genotyping rate in remaining samples is 0.994332.
86 variants removed due to missing genotype data (--geno).
20 variants removed due to minor allele threshold(s)
(--maf/--max-maf/--mac/--max-mac).
65238 variants and 12059 samples pass filters and QC.
Note: No phenotypes present.
--recode A to qc.raw ... done.

End time: Fri Feb 21 18:49:16 2025
